
> volleyball-trainer-platform@0.1.0 dev
> next dev

[baseline-browser-mapping] The data in this module is over two months old.  To ensure accurate Baseline data, please update: `npm i baseline-browser-mapping@latest -D`
 ⚠ Warning: Next.js inferred your workspace root, but it may not be correct.
 We detected multiple lockfiles and selected the directory of /home/kltalsma/package-lock.json as the root directory.
 To silence this warning, set `turbopack.root` in your Next.js config, or consider removing one of the lockfiles if it's not needed.
   See https://nextjs.org/docs/app/api-reference/config/next-config-js/turbopack#root-directory for more information.
 Detected additional lockfiles: 
   * /home/kltalsma/volleyball-trainer-platform/package-lock.json

   ▲ Next.js 16.0.3 (Turbopack)
   - Local:         http://localhost:3000
   - Network:       http://192.168.2.142:3000
   - Environments: .env
   - Experiments (use with caution):
     ✓ optimizeCss

 ✓ Starting...
 ⚠ The "middleware" file convention is deprecated. Please use "proxy" instead. Learn more: https://nextjs.org/docs/messages/middleware-to-proxy
 ✓ Ready in 1547ms
 ⚠ Cross origin request detected from 192.168.2.142 to /_next/* resource. In a future major version of Next.js, you will need to explicitly configure "allowedDevOrigins" in next.config to allow this.
Read more: https://nextjs.org/docs/app/api-reference/config/next-config-js/allowedDevOrigins
 ○ Compiling /admin/users ...
 GET /api/auth/session 200 in 1868ms (compile: 1791ms, render: 77ms)
 GET /admin/users 200 in 5.1s (compile: 3.8s, proxy.ts: 344ms, render: 898ms)
 GET /api/auth/session 200 in 134ms (compile: 67ms, render: 67ms)
 GET /api/auth/session 200 in 34ms (compile: 4ms, render: 30ms)
 GET /admin/users 200 in 215ms (compile: 3ms, proxy.ts: 12ms, render: 200ms)
 GET /api/auth/session 200 in 96ms (compile: 59ms, render: 37ms)
 GET /api/auth/session 200 in 29ms (compile: 5ms, render: 23ms)
 GET /admin 200 in 1610ms (compile: 1421ms, proxy.ts: 31ms, render: 159ms)
 GET /admin 200 in 317ms (compile: 6ms, proxy.ts: 119ms, render: 193ms)
 GET /api/auth/session 200 in 100ms (compile: 70ms, render: 30ms)
 GET /api/auth/session 200 in 31ms (compile: 6ms, render: 25ms)
 GET /dashboard 200 in 1678ms (compile: 1191ms, proxy.ts: 29ms, render: 458ms)
 GET /api/auth/session 200 in 93ms (compile: 63ms, render: 29ms)
 GET /api/auth/session 200 in 47ms (compile: 5ms, render: 42ms)
 GET /teams/cmn369wqv0000jt7wp86mzovc 200 in 2.4s (compile: 2.2s, proxy.ts: 28ms, render: 105ms)
 GET /api/auth/session 200 in 137ms (compile: 87ms, render: 50ms)
 GET /api/auth/session 200 in 53ms (compile: 6ms, render: 47ms)
 GET /api/training-sessions?teamId=cmn369wqv0000jt7wp86mzovc 200 in 499ms (compile: 485ms, render: 14ms)
 GET /api/teams/cmn369wqv0000jt7wp86mzovc 200 in 1177ms (compile: 1161ms, render: 16ms)
 GET /api/auth/session 200 in 131ms (compile: 88ms, render: 43ms)
 GET /api/auth/session 200 in 38ms (compile: 7ms, render: 31ms)
 GET /api/auth/session 200 in 113ms (compile: 82ms, render: 31ms)
 GET /api/auth/session 200 in 31ms (compile: 5ms, render: 25ms)
 GET /api/auth/session 200 in 112ms (compile: 82ms, render: 30ms)
 GET /api/auth/session 200 in 34ms (compile: 5ms, render: 29ms)
 GET /dashboard 200 in 453ms (compile: 9ms, proxy.ts: 33ms, render: 411ms)
 GET / 200 in 1398ms (compile: 1096ms, proxy.ts: 29ms, render: 273ms)
 GET /api/auth/session 200 in 149ms (compile: 88ms, render: 61ms)
 GET /api/auth/session 200 in 28ms (compile: 5ms, render: 23ms)
 GET /api/auth/session 200 in 32ms (compile: 8ms, render: 24ms)
 GET /api/auth/session 200 in 115ms (compile: 82ms, render: 33ms)
 GET /api/auth/session 200 in 35ms (compile: 8ms, render: 27ms)
 GET /api/auth/session 200 in 28ms (compile: 7ms, render: 21ms)
 GET / 200 in 198ms (compile: 7ms, proxy.ts: 29ms, render: 162ms)
 ⚠ Cross origin request detected from 62.131.114.32 to /_next/* resource. In a future major version of Next.js, you will need to explicitly configure "allowedDevOrigins" in next.config to allow this.
Read more: https://nextjs.org/docs/app/api-reference/config/next-config-js/allowedDevOrigins
 GET /api/auth/session 200 in 120ms (compile: 98ms, render: 22ms)
 GET /api/auth/session 200 in 23ms (compile: 6ms, render: 17ms)
 GET / 200 in 182ms (compile: 7ms, proxy.ts: 14ms, render: 161ms)
 GET /api/auth/session 200 in 97ms (compile: 81ms, render: 16ms)
 GET /api/auth/session 200 in 16ms (compile: 6ms, render: 10ms)
 GET /login 200 in 1251ms (compile: 1156ms, proxy.ts: 3ms, render: 91ms)
 GET /api/auth/providers 200 in 107ms (compile: 90ms, render: 17ms)
 GET /api/auth/csrf 200 in 17ms (compile: 5ms, render: 12ms)
 POST /api/auth/callback/credentials? 200 in 215ms (compile: 6ms, render: 210ms)
 GET /api/auth/session 200 in 20ms (compile: 3ms, render: 17ms)
 GET /dashboard 200 in 454ms (compile: 33ms, proxy.ts: 28ms, render: 392ms)
 GET /dashboard 200 in 162ms (compile: 37ms, proxy.ts: 36ms, render: 89ms)
 GET /teams 200 in 1433ms (compile: 1079ms, proxy.ts: 35ms, render: 319ms)
 GET /api/auth/session 200 in 139ms (compile: 102ms, render: 37ms)
 GET /api/auth/session 200 in 30ms (compile: 5ms, render: 24ms)
=== /api/teams GET ===
Session user ID: cmn35eokx0008jtuwkqtko6ke
Session user email: kltalsma@gmail.com
myTeams filter: true
Is ADMIN: true
 GET /api/teams?myTeams=true 200 in 427ms (compile: 410ms, render: 18ms)
 GET /teams/cmn369wqv0000jt7wp86mzovc 200 in 243ms (compile: 103ms, proxy.ts: 24ms, render: 117ms)
 GET /api/training-sessions?teamId=cmn369wqv0000jt7wp86mzovc 200 in 149ms (compile: 8ms, render: 141ms)
 GET /api/teams/cmn369wqv0000jt7wp86mzovc 200 in 166ms (compile: 86ms, render: 80ms)
 GET /api/training-sessions?teamId=cmn369wqv0000jt7wp86mzovc 200 in 49ms (compile: 6ms, render: 43ms)
 GET /api/teams/cmn369wqv0000jt7wp86mzovc 200 in 48ms (compile: 5ms, render: 43ms)
 GET /api/auth/session 200 in 117ms (compile: 87ms, render: 31ms)
 GET /api/auth/session 200 in 36ms (compile: 7ms, render: 30ms)
 GET /api/auth/session 200 in 36ms (compile: 6ms, render: 30ms)
 GET /api/auth/session 200 in 125ms (compile: 85ms, render: 40ms)
 GET /api/auth/session 200 in 46ms (compile: 5ms, render: 40ms)
 GET /dashboard 200 in 241ms (compile: 9ms, proxy.ts: 26ms, render: 205ms)
 GET /teams 200 in 189ms (compile: 7ms, proxy.ts: 24ms, render: 157ms)
=== /api/teams GET ===
Session user ID: cmn35eokx0008jtuwkqtko6ke
Session user email: kltalsma@gmail.com
myTeams filter: true
Is ADMIN: true
 GET /api/auth/session 200 in 134ms (compile: 84ms, render: 49ms)
 GET /api/teams?myTeams=true 200 in 182ms (compile: 8ms, render: 175ms)
 GET /api/auth/session 200 in 37ms (compile: 7ms, render: 30ms)
 GET /dashboard 200 in 215ms (compile: 7ms, proxy.ts: 29ms, render: 179ms)
 GET /api/auth/session 200 in 74ms (compile: 50ms, render: 24ms)
 GET /api/auth/session 200 in 30ms (compile: 5ms, render: 25ms)
 ✓ Compiled in 225ms
 ✓ Compiled in 205ms
 ✓ Compiled in 216ms

> volleyball-trainer-platform@0.1.0 dev
> next dev

[baseline-browser-mapping] The data in this module is over two months old.  To ensure accurate Baseline data, please update: `npm i baseline-browser-mapping@latest -D`
 ⚠ Warning: Next.js inferred your workspace root, but it may not be correct.
 We detected multiple lockfiles and selected the directory of /home/kltalsma/package-lock.json as the root directory.
 To silence this warning, set `turbopack.root` in your Next.js config, or consider removing one of the lockfiles if it's not needed.
   See https://nextjs.org/docs/app/api-reference/config/next-config-js/turbopack#root-directory for more information.
 Detected additional lockfiles: 
   * /home/kltalsma/volleyball-trainer-platform/package-lock.json

   ▲ Next.js 16.0.3 (Turbopack)
   - Local:         http://localhost:3000
   - Network:       http://192.168.6.78:3000
   - Environments: .env
   - Experiments (use with caution):
     ✓ optimizeCss

 ✓ Starting...
 ⚠ The "middleware" file convention is deprecated. Please use "proxy" instead. Learn more: https://nextjs.org/docs/messages/middleware-to-proxy
 ✓ Ready in 3.2s
